[debug] [2021-02-01T01:04:19.459Z] ----------------------------------------------------------------------
[debug] [2021-02-01T01:04:19.463Z] Command:       /home/brunopgm/.nvm/versions/node/v10.13.0/bin/node /home/brunopgm/.nvm/versions/node/v10.13.0/bin/firebase init hosting
[debug] [2021-02-01T01:04:19.463Z] CLI Version:   9.2.2
[debug] [2021-02-01T01:04:19.463Z] Platform:      linux
[debug] [2021-02-01T01:04:19.464Z] Node Version:  v10.13.0
[debug] [2021-02-01T01:04:19.464Z] Time:          Sun Jan 31 2021 23:04:19 GMT-0200 (GMT-02:00)
[debug] [2021-02-01T01:04:19.464Z] ----------------------------------------------------------------------
[debug] [2021-02-01T01:04:19.464Z] 
[debug] [2021-02-01T01:04:19.473Z] > command requires scopes: ["email","openid","https://www.googleapis.com/auth/cloudplatformprojects.readonly","https://www.googleapis.com/auth/firebase","https://www.googleapis.com/auth/cloud-platform"]
[debug] [2021-02-01T01:04:19.473Z] > authorizing via signed-in user
[info] 
     ######## #### ########  ######## ########     ###     ######  ########
     ##        ##  ##     ## ##       ##     ##  ##   ##  ##       ##
     ######    ##  ########  ######   ########  #########  ######  ######
     ##        ##  ##    ##  ##       ##     ## ##     ##       ## ##
     ##       #### ##     ## ######## ########  ##     ##  ######  ########

You're about to initialize a Firebase project in this directory:

  /home/brunopgm/Documentos/tudo/vue/admin-ong

[info] 
=== Project Setup
[info] 
[info] First, let's associate this project directory with a Firebase project.
[info] You can create multiple project aliases by running firebase use --add, 
[info] but for now we'll just set up a default project.
[info] 
[debug] [2021-02-01T01:16:13.488Z] >>> [apiv2][query] GET https://firebase.googleapis.com/v1beta1/projects pageSize=100
[debug] [2021-02-01T01:16:14.787Z] <<< [apiv2][status] GET https://firebase.googleapis.com/v1beta1/projects 200
[debug] [2021-02-01T01:16:14.788Z] <<< [apiv2][body] GET https://firebase.googleapis.com/v1beta1/projects [omitted]
[info] i  Using project ong-proximo (Ong Proximo) 
[info] 
=== Hosting Setup
[info] 
[info] Your public directory is the folder (relative to your project directory) that
[info] will contain Hosting assets to be uploaded with firebase deploy. If you
[info] have a build process for your assets, use your build's output directory.
[info] 
